<?xml version="1.0" encoding="UTF-8"?>
<!-- Generated by org.testng.reporters.JUnitReportReporter -->
<testsuite hostname="admin" failures="0" tests="7" name="cucumberOptions.TestNGRunner" time="0.562" errors="0" timestamp="2024-03-04T10:32:40 IST" skipped="0">
  <testcase classname="cucumberOptions.TestNGRunner" name="runScenario" time="0.071"/>
  <testcase classname="cucumberOptions.TestNGRunner" name="runScenario" time="0.058"/>
  <testcase classname="cucumberOptions.TestNGRunner" name="runScenario" time="0.089"/>
  <testcase classname="cucumberOptions.TestNGRunner" name="runScenario" time="0.051"/>
  <testcase classname="cucumberOptions.TestNGRunner" name="runScenario" time="0.048"/>
  <testcase classname="cucumberOptions.TestNGRunner" name="runScenario" time="0.165"/>
  <testcase classname="cucumberOptions.TestNGRunner" name="runScenario" time="0.080"/>
</testsuite> <!-- cucumberOptions.TestNGRunner -->
